# JRE version: OpenJDK Runtime Environment Microsoft-8035246 (17.0.8+7) (build 17.0.8+7-LTS)
# Java VM: OpenJDK 64-Bit Server VM Microsoft-8035246 (17.0.8+7-LTS, mixed mode, sharing, tiered, compressed oops, compressed class ptrs, g1 gc, windows-amd64)
GC Precious Log:
 CPUs: 6 total, 6 available
 Memory: 16317M
 Large Page Support: Disabled
 NUMA Support: Disabled
 Compressed Oops: Enabled (32-bit)
 Heap Region Size: 1M
 Heap Min Capacity: 8M
 Heap Initial Capacity: 256M
 Heap Max Capacity: 2G
 Pre-touch: Disabled
 Parallel Workers: 6
 Concurrent Workers: 2
 Concurrent Refinement Workers: 6
 Periodic GC: Disabled
Heap:
 garbage-first heap   total 261120K, used 185353K [0x0000000080000000, 0x0000000100000000)
  region size 1024K, 51 young (52224K), 9 survivors (9216K)
 Metaspace       used 99506K, committed 100352K, reserved 557056K
  class space    used 13725K, committed 14080K, reserved 425984K
GC Heap History (20 events):
Event: 16.572 GC heap before
{Heap before GC invocations=29 (full 0):
 garbage-first heap   total 152576K, used 124478K [0x0000000080000000, 0x0000000100000000)
  region size 1024K, 42 young (43008K), 6 survivors (6144K)
 Metaspace       used 83270K, committed 83968K, reserved 557056K
  class space    used 11554K, committed 11904K, reserved 425984K
}
Event: 16.576 GC heap after
{Heap after GC invocations=30 (full 0):
 garbage-first heap   total 152576K, used 90233K [0x0000000080000000, 0x0000000100000000)
  region size 1024K, 3 young (3072K), 3 survivors (3072K)
 Metaspace       used 83270K, committed 83968K, reserved 557056K
  class space    used 11554K, committed 11904K, reserved 425984K
}
Event: 16.963 GC heap before
{Heap before GC invocations=30 (full 0):
 garbage-first heap   total 152576K, used 125049K [0x0000000080000000, 0x0000000100000000)
  region size 1024K, 38 young (38912K), 3 survivors (3072K)
 Metaspace       used 84786K, committed 85568K, reserved 557056K
  class space    used 11742K, committed 12096K, reserved 425984K
}
Event: 16.967 GC heap after
{Heap after GC invocations=31 (full 0):
 garbage-first heap   total 152576K, used 94081K [0x0000000080000000, 0x0000000100000000)
  region size 1024K, 5 young (5120K), 5 survivors (5120K)
 Metaspace       used 84786K, committed 85568K, reserved 557056K
  class space    used 11742K, committed 12096K, reserved 425984K
}
Event: 17.350 GC heap before
{Heap before GC invocations=31 (full 0):
 garbage-first heap   total 152576K, used 129921K [0x0000000080000000, 0x0000000100000000)
  region size 1024K, 37 young (37888K), 5 survivors (5120K)
 Metaspace       used 85809K, committed 86592K, reserved 557056K
  class space    used 11910K, committed 12288K, reserved 425984K
}
Event: 17.355 GC heap after
{Heap after GC invocations=32 (full 0):
 garbage-first heap   total 152576K, used 106162K [0x0000000080000000, 0x0000000100000000)
  region size 1024K, 5 young (5120K), 5 survivors (5120K)
 Metaspace       used 85809K, committed 86592K, reserved 557056K
  class space    used 11910K, committed 12288K, reserved 425984K
}
Event: 17.526 GC heap before
{Heap before GC invocations=32 (full 0):
 garbage-first heap   total 152576K, used 127666K [0x0000000080000000, 0x0000000100000000)
  region size 1024K, 26 young (26624K), 5 survivors (5120K)
 Metaspace       used 87061K, committed 87808K, reserved 557056K
  class space    used 12119K, committed 12480K, reserved 425984K
}
Event: 17.530 GC heap after
{Heap after GC invocations=33 (full 0):
 garbage-first heap   total 152576K, used 109838K [0x0000000080000000, 0x0000000100000000)
  region size 1024K, 3 young (3072K), 3 survivors (3072K)
 Metaspace       used 87061K, committed 87808K, reserved 557056K
  class space    used 12119K, committed 12480K, reserved 425984K
}
Event: 17.655 GC heap before
{Heap before GC invocations=34 (full 0):
 garbage-first heap   total 194560K, used 126222K [0x0000000080000000, 0x0000000100000000)
  region size 1024K, 21 young (21504K), 3 survivors (3072K)
 Metaspace       used 88092K, committed 88896K, reserved 557056K
  class space    used 12274K, committed 12672K, reserved 425984K
}
Event: 17.657 GC heap after
{Heap after GC invocations=35 (full 0):
 garbage-first heap   total 194560K, used 109987K [0x0000000080000000, 0x0000000100000000)
  region size 1024K, 2 young (2048K), 2 survivors (2048K)
 Metaspace       used 88092K, committed 88896K, reserved 557056K
  class space    used 12274K, committed 12672K, reserved 425984K
}
Event: 17.698 GC heap before
{Heap before GC invocations=35 (full 0):
 garbage-first heap   total 194560K, used 117155K [0x0000000080000000, 0x0000000100000000)
  region size 1024K, 9 young (9216K), 2 survivors (2048K)
 Metaspace       used 88502K, committed 89280K, reserved 557056K
  class space    used 12326K, committed 12672K, reserved 425984K
}
Event: 17.700 GC heap after
{Heap after GC invocations=36 (full 0):
 garbage-first heap   total 194560K, used 109265K [0x0000000080000000, 0x0000000100000000)
  region size 1024K, 1 young (1024K), 1 survivors (1024K)
 Metaspace       used 88502K, committed 89280K, reserved 557056K
  class space    used 12326K, committed 12672K, reserved 425984K
}
Event: 18.076 GC heap before
{Heap before GC invocations=36 (full 0):
 garbage-first heap   total 194560K, used 159441K [0x0000000080000000, 0x0000000100000000)
  region size 1024K, 50 young (51200K), 1 survivors (1024K)
 Metaspace       used 91741K, committed 92544K, reserved 557056K
  class space    used 12756K, committed 13120K, reserved 425984K
}
Event: 18.081 GC heap after
{Heap after GC invocations=37 (full 0):
 garbage-first heap   total 261120K, used 113117K [0x0000000080000000, 0x0000000100000000)
  region size 1024K, 5 young (5120K), 5 survivors (5120K)
 Metaspace       used 91741K, committed 92544K, reserved 557056K
  class space    used 12756K, committed 13120K, reserved 425984K
}
Event: 23.259 GC heap before
{Heap before GC invocations=37 (full 0):
 garbage-first heap   total 261120K, used 213469K [0x0000000080000000, 0x0000000100000000)
  region size 1024K, 103 young (105472K), 5 survivors (5120K)
 Metaspace       used 93577K, committed 94400K, reserved 557056K
  class space    used 12972K, committed 13376K, reserved 425984K
}
Event: 23.268 GC heap after
{Heap after GC invocations=38 (full 0):
 garbage-first heap   total 261120K, used 121948K [0x0000000080000000, 0x0000000100000000)
  region size 1024K, 13 young (13312K), 13 survivors (13312K)
 Metaspace       used 93577K, committed 94400K, reserved 557056K
  class space    used 12972K, committed 13376K, reserved 425984K
}
Event: 25.739 GC heap before
{Heap before GC invocations=38 (full 0):
 garbage-first heap   total 261120K, used 212060K [0x0000000080000000, 0x0000000100000000)
  region size 1024K, 101 young (103424K), 13 survivors (13312K)
 Metaspace       used 98864K, committed 99712K, reserved 557056K
  class space    used 13671K, committed 14080K, reserved 425984K
}
Event: 25.750 GC heap after
{Heap after GC invocations=39 (full 0):
 garbage-first heap   total 261120K, used 134945K [0x0000000080000000, 0x0000000100000000)
  region size 1024K, 13 young (13312K), 13 survivors (13312K)
 Metaspace       used 98864K, committed 99712K, reserved 557056K
  class space    used 13671K, committed 14080K, reserved 425984K
}
Event: 26.370 GC heap before
{Heap before GC invocations=39 (full 0):
 garbage-first heap   total 261120K, used 211745K [0x0000000080000000, 0x0000000100000000)
  region size 1024K, 89 young (91136K), 13 survivors (13312K)
 Metaspace       used 99499K, committed 100352K, reserved 557056K
  class space    used 13725K, committed 14080K, reserved 425984K
}
Event: 26.378 GC heap after
{Heap after GC invocations=40 (full 0):
 garbage-first heap   total 261120K, used 143369K [0x0000000080000000, 0x0000000100000000)
  region size 1024K, 9 young (9216K), 9 survivors (9216K)
 Metaspace       used 99499K, committed 100352K, reserved 557056K
  class space    used 13725K, committed 14080K, reserved 425984K
}

